{"contracts/Donation.sol":{"l":{"14":7,"21":32,"22":32,"23":7,"24":7,"25":7,"26":7,"27":7,"29":25,"30":25,"31":7,"32":7,"33":7,"34":7,"35":7,"37":18,"38":8,"39":8,"40":8,"41":8,"42":8,"43":8,"45":10,"46":35,"47":10,"48":10,"49":10,"50":10,"51":10,"52":10,"53":10,"54":10,"55":10,"57":10,"58":10,"59":10,"61":10,"71":20,"72":20,"79":1,"80":1,"82":1,"83":2,"84":2,"87":1,"93":1,"98":1,"99":1,"100":1},"path":"/home/appinventiv/truffletest/contracts/Donation.sol","s":{"1":7,"2":32,"3":32,"4":7,"5":7,"6":7,"7":7,"8":25,"9":25,"10":7,"11":7,"12":7,"13":18,"14":8,"15":8,"16":8,"17":10,"18":35,"19":10,"20":10,"21":10,"22":10,"23":10,"24":10,"25":10,"26":10,"27":10,"28":20,"29":20,"30":1,"31":1,"32":1,"33":2,"34":1,"35":1,"36":1,"37":1},"b":{"1":[32,0],"2":[7,25],"3":[7,0],"4":[7,18],"5":[8,10],"6":[10,25],"7":[10,0],"8":[10,0],"9":[1,0],"10":[1,0]},"f":{"1":7,"2":32,"3":20,"4":1,"5":1,"6":1},"fnMap":{"1":{"name":null,"line":12,"loc":{"start":{"line":12,"column":4},"end":{"line":13,"column":12}}},"2":{"name":"donation","line":17,"loc":{"start":{"line":17,"column":4},"end":{"line":20,"column":19}}},"3":{"name":"find","line":67,"loc":{"start":{"line":67,"column":4},"end":{"line":70,"column":22}}},"4":{"name":"getParticipants","line":75,"loc":{"start":{"line":75,"column":4},"end":{"line":78,"column":45}}},"5":{"name":"getTotal","line":89,"loc":{"start":{"line":89,"column":4},"end":{"line":92,"column":54}}},"6":{"name":"withdraw","line":95,"loc":{"start":{"line":95,"column":4},"end":{"line":97,"column":20}}}},"statementMap":{"1":{"start":{"line":14,"column":4},"end":{"line":14,"column":21}},"2":{"start":{"line":21,"column":8},"end":{"line":21,"column":81}},"3":{"start":{"line":22,"column":8},"end":{"line":22,"column":457}},"4":{"start":{"line":23,"column":12},"end":{"line":23,"column":63}},"5":{"start":{"line":25,"column":12},"end":{"line":25,"column":22}},"6":{"start":{"line":26,"column":12},"end":{"line":26,"column":29}},"7":{"start":{"line":27,"column":12},"end":{"line":27,"column":23}},"8":{"start":{"line":29,"column":8},"end":{"line":29,"column":33}},"9":{"start":{"line":30,"column":8},"end":{"line":30,"column":763}},"10":{"start":{"line":32,"column":12},"end":{"line":32,"column":43}},"11":{"start":{"line":34,"column":12},"end":{"line":34,"column":35}},"12":{"start":{"line":35,"column":12},"end":{"line":35,"column":23}},"13":{"start":{"line":37,"column":8},"end":{"line":37,"column":1011}},"14":{"start":{"line":39,"column":12},"end":{"line":39,"column":43}},"15":{"start":{"line":42,"column":12},"end":{"line":42,"column":39}},"16":{"start":{"line":43,"column":12},"end":{"line":43,"column":23}},"17":{"start":{"line":45,"column":8},"end":{"line":45,"column":1306}},"18":{"start":{"line":46,"column":12},"end":{"line":46,"column":1369}},"19":{"start":{"line":48,"column":16},"end":{"line":48,"column":47}},"20":{"start":{"line":49,"column":16},"end":{"line":49,"column":45}},"21":{"start":{"line":50,"column":16},"end":{"line":50,"column":40}},"22":{"start":{"line":52,"column":16},"end":{"line":52,"column":38}},"23":{"start":{"line":53,"column":16},"end":{"line":53,"column":1693}},"24":{"start":{"line":55,"column":20},"end":{"line":55,"column":31}},"25":{"start":{"line":57,"column":16},"end":{"line":57,"column":1857}},"26":{"start":{"line":59,"column":20},"end":{"line":59,"column":31}},"27":{"start":{"line":61,"column":16},"end":{"line":61,"column":27}},"28":{"start":{"line":71,"column":8},"end":{"line":71,"column":41}},"29":{"start":{"line":72,"column":8},"end":{"line":72,"column":19}},"30":{"start":{"line":79,"column":8},"end":{"line":79,"column":45}},"31":{"start":{"line":80,"column":8},"end":{"line":80,"column":15}},"32":{"start":{"line":82,"column":8},"end":{"line":82,"column":2412}},"33":{"start":{"line":83,"column":12},"end":{"line":83,"column":34}},"34":{"start":{"line":87,"column":8},"end":{"line":87,"column":32}},"35":{"start":{"line":93,"column":8},"end":{"line":93,"column":44}},"36":{"start":{"line":98,"column":8},"end":{"line":98,"column":57}},"37":{"start":{"line":99,"column":8},"end":{"line":99,"column":88}}},"branchMap":{"1":{"line":21,"type":"if","locations":[{"start":{"line":21,"column":8},"end":{"line":21,"column":8}},{"start":{"line":21,"column":8},"end":{"line":21,"column":8}}]},"2":{"line":22,"type":"if","locations":[{"start":{"line":22,"column":8},"end":{"line":22,"column":8}},{"start":{"line":22,"column":8},"end":{"line":22,"column":8}}]},"3":{"line":23,"type":"if","locations":[{"start":{"line":23,"column":12},"end":{"line":23,"column":12}},{"start":{"line":23,"column":12},"end":{"line":23,"column":12}}]},"4":{"line":30,"type":"if","locations":[{"start":{"line":30,"column":8},"end":{"line":30,"column":8}},{"start":{"line":30,"column":8},"end":{"line":30,"column":8}}]},"5":{"line":37,"type":"if","locations":[{"start":{"line":37,"column":8},"end":{"line":37,"column":8}},{"start":{"line":37,"column":8},"end":{"line":37,"column":8}}]},"6":{"line":46,"type":"if","locations":[{"start":{"line":46,"column":12},"end":{"line":46,"column":12}},{"start":{"line":46,"column":12},"end":{"line":46,"column":12}}]},"7":{"line":53,"type":"if","locations":[{"start":{"line":53,"column":16},"end":{"line":53,"column":16}},{"start":{"line":53,"column":16},"end":{"line":53,"column":16}}]},"8":{"line":57,"type":"if","locations":[{"start":{"line":57,"column":16},"end":{"line":57,"column":16}},{"start":{"line":57,"column":16},"end":{"line":57,"column":16}}]},"9":{"line":98,"type":"if","locations":[{"start":{"line":98,"column":8},"end":{"line":98,"column":8}},{"start":{"line":98,"column":8},"end":{"line":98,"column":8}}]},"10":{"line":99,"type":"if","locations":[{"start":{"line":99,"column":8},"end":{"line":99,"column":8}},{"start":{"line":99,"column":8},"end":{"line":99,"column":8}}]}}}}