TN:
SF:/home/appinventiv/truffletest/contracts/Donation.sol
FN:12,
FN:17,donation
FN:67,find
FN:75,getParticipants
FN:89,getTotal
FN:95,withdraw
FNF:6
FNH:6
FNDA:7,
FNDA:32,donation
FNDA:20,find
FNDA:1,getParticipants
FNDA:1,getTotal
FNDA:1,withdraw
DA:14,7
DA:21,32
DA:22,32
DA:23,7
DA:24,7
DA:25,7
DA:26,7
DA:27,7
DA:29,25
DA:30,25
DA:31,7
DA:32,7
DA:33,7
DA:34,7
DA:35,7
DA:37,18
DA:38,8
DA:39,8
DA:40,8
DA:41,8
DA:42,8
DA:43,8
DA:45,10
DA:46,35
DA:47,10
DA:48,10
DA:49,10
DA:50,10
DA:51,10
DA:52,10
DA:53,10
DA:54,10
DA:55,10
DA:57,10
DA:58,10
DA:59,10
DA:61,10
DA:71,20
DA:72,20
DA:79,1
DA:80,1
DA:82,1
DA:83,2
DA:84,2
DA:87,1
DA:93,1
DA:98,1
DA:99,1
DA:100,1
LF:49
LH:49
BRDA:21,1,0,32
BRDA:21,1,1,0
BRDA:22,2,0,7
BRDA:22,2,1,25
BRDA:23,3,0,7
BRDA:23,3,1,0
BRDA:30,4,0,7
BRDA:30,4,1,18
BRDA:37,5,0,8
BRDA:37,5,1,10
BRDA:46,6,0,10
BRDA:46,6,1,25
BRDA:53,7,0,10
BRDA:53,7,1,0
BRDA:57,8,0,10
BRDA:57,8,1,0
BRDA:98,9,0,1
BRDA:98,9,1,0
BRDA:99,10,0,1
BRDA:99,10,1,0
BRF:20
BRH:14
end_of_record
